<?xml version="1.0" encoding="UTF-8"?>
<!-- Generated by org.testng.reporters.JUnitReportReporter -->
<testsuite hostname="DESKTOP-QQEL381" name="testNg.GroupingExample" tests="5" failures="0" timestamp="27 Jan 2022 05:53:36 GMT" time="0.027" errors="0">
  <testcase name="iphone1" time="0.009" classname="testNg.GroupingExample"/>
  <testcase name="iphone" time="0.015" classname="testNg.GroupingExample"/>
  <testcase name="iphonex" time="0.000" classname="testNg.GroupingExample"/>
  <testcase name="moto1" time="0.001" classname="testNg.GroupingExample"/>
  <testcase name="moto2" time="0.002" classname="testNg.GroupingExample"/>
</testsuite> <!-- testNg.GroupingExample -->
