<?xml version="1.0" encoding="UTF-8"?>
<!-- Generated by org.testng.reporters.JUnitReportReporter -->
<testsuite hostname="DESKTOP-QQEL381" name="testNg.DependenciesManagement" tests="3" failures="0" timestamp="26 Jan 2022 09:15:20 GMT" time="0.032" errors="0">
  <testcase name="engineering" time="0.002" classname="testNg.DependenciesManagement"/>
  <testcase name="tenth" time="0.026" classname="testNg.DependenciesManagement"/>
  <testcase name="twelth" time="0.004" classname="testNg.DependenciesManagement"/>
</testsuite> <!-- testNg.DependenciesManagement -->
