<?xml version="1.0" encoding="UTF-8"?>
<!-- Generated by org.testng.reporters.JUnitReportReporter -->
<testsuite hostname="DESKTOP-QQEL381" name="testNg.SampletestCase" tests="4" failures="0" timestamp="26 Jan 2022 09:15:20 GMT" time="0.002" errors="0">
  <testcase name="fourthTestCase" time="0.000" classname="testNg.SampletestCase"/>
  <testcase name="secondtTestCase" time="0.001" classname="testNg.SampletestCase"/>
  <testcase name="thirdTestCase" time="0.000" classname="testNg.SampletestCase"/>
  <testcase name="firstTestCase" time="0.001" classname="testNg.SampletestCase"/>
</testsuite> <!-- testNg.SampletestCase -->
