<?xml version="1.0" encoding="UTF-8"?>
<!-- Generated by org.testng.reporters.JUnitReportReporter -->
<testsuite hostname="DESKTOP-QQEL381" name="testNg.Suitebetterway" tests="3" failures="0" timestamp="26 Jan 2022 08:56:46 GMT" time="4.058" errors="0">
  <testcase name="opengoogle" time="1.616" classname="testNg.Suitebetterway"/>
  <testcase name="openbing" time="0.906" classname="testNg.Suitebetterway"/>
  <testcase name="openyahoo" time="1.536" classname="testNg.Suitebetterway"/>
</testsuite> <!-- testNg.Suitebetterway -->
