<?xml version="1.0" encoding="UTF-8"?>
<!-- Generated by org.testng.reporters.JUnitReportReporter -->
<testsuite hostname="DESKTOP-QQEL381" name="testNg.SkipaTest" tests="5" failures="0" timestamp="26 Jan 2022 09:15:20 GMT" time="0.000" errors="0">
  <testcase name="thirdgear" time="0.000" classname="testNg.SkipaTest"/>
  <testcase name="startcar" time="0.000" classname="testNg.SkipaTest"/>
  <testcase name="firstgear" time="0.000" classname="testNg.SkipaTest"/>
  <testcase name="secondgear" time="0.000" classname="testNg.SkipaTest"/>
  <testcase name="fourthgear" time="0.000" classname="testNg.SkipaTest"/>
</testsuite> <!-- testNg.SkipaTest -->
