<?xml version="1.0" encoding="UTF-8"?>
<!-- Generated by org.testng.reporters.JUnitReportReporter -->
<testsuite hostname="DESKTOP-QQEL381" name="testNg.SuiteExample" tests="3" failures="0" timestamp="26 Jan 2022 08:57:45 GMT" time="14.499" errors="0">
  <testcase name="opengoogle" time="3.710" classname="testNg.SuiteExample"/>
  <testcase name="openyahoo" time="5.907" classname="testNg.SuiteExample"/>
  <testcase name="openbing" time="4.882" classname="testNg.SuiteExample"/>
</testsuite> <!-- testNg.SuiteExample -->
